Determining if the pthread_create exist failed with the following output:
Change Dir: /home/shubham/ASE389_proj/ASE389_proj/catkin_ws/build_isolated/xpp_examples/CMakeFiles/CMakeTmp

Run Build Command:"/usr/bin/make" "cmTC_4ed6d/fast"
/usr/bin/make -f CMakeFiles/cmTC_4ed6d.dir/build.make CMakeFiles/cmTC_4ed6d.dir/build
make[1]: Entering directory '/home/shubham/ASE389_proj/ASE389_proj/catkin_ws/build_isolated/xpp_examples/CMakeFiles/CMakeTmp'
Building C object CMakeFiles/cmTC_4ed6d.dir/CheckSymbolExists.c.o
/usr/bin/cc     -o CMakeFiles/cmTC_4ed6d.dir/CheckSymbolExists.c.o   -c /home/shubham/ASE389_proj/ASE389_proj/catkin_ws/build_isolated/xpp_examples/CMakeFiles/CMakeTmp/CheckSymbolExists.c
Linking C executable cmTC_4ed6d
/usr/bin/cmake -E cmake_link_script CMakeFiles/cmTC_4ed6d.dir/link.txt --verbose=1
/usr/bin/cc       CMakeFiles/cmTC_4ed6d.dir/CheckSymbolExists.c.o  -o cmTC_4ed6d -rdynamic 
CMakeFiles/cmTC_4ed6d.dir/CheckSymbolExists.c.o: In function `main':
CheckSymbolExists.c:(.text+0x16): undefined reference to `pthread_create'
collect2: error: ld returned 1 exit status
CMakeFiles/cmTC_4ed6d.dir/build.make:97: recipe for target 'cmTC_4ed6d' failed
make[1]: *** [cmTC_4ed6d] Error 1
make[1]: Leaving directory '/home/shubham/ASE389_proj/ASE389_proj/catkin_ws/build_isolated/xpp_examples/CMakeFiles/CMakeTmp'
Makefile:126: recipe for target 'cmTC_4ed6d/fast' failed
make: *** [cmTC_4ed6d/fast] Error 2

File /home/shubham/ASE389_proj/ASE389_proj/catkin_ws/build_isolated/xpp_examples/CMakeFiles/CMakeTmp/CheckSymbolExists.c:
/* */
#include <pthread.h>

int main(int argc, char** argv)
{
  (void)argv;
#ifndef pthread_create
  return ((int*)(&pthread_create))[argc];
#else
  (void)argc;
  return 0;
#endif
}

Determining if the function pthread_create exists in the pthreads failed with the following output:
Change Dir: /home/shubham/ASE389_proj/ASE389_proj/catkin_ws/build_isolated/xpp_examples/CMakeFiles/CMakeTmp

Run Build Command:"/usr/bin/make" "cmTC_8db46/fast"
/usr/bin/make -f CMakeFiles/cmTC_8db46.dir/build.make CMakeFiles/cmTC_8db46.dir/build
make[1]: Entering directory '/home/shubham/ASE389_proj/ASE389_proj/catkin_ws/build_isolated/xpp_examples/CMakeFiles/CMakeTmp'
Building C object CMakeFiles/cmTC_8db46.dir/CheckFunctionExists.c.o
/usr/bin/cc    -DCHECK_FUNCTION_EXISTS=pthread_create   -o CMakeFiles/cmTC_8db46.dir/CheckFunctionExists.c.o   -c /usr/share/cmake-3.5/Modules/CheckFunctionExists.c
Linking C executable cmTC_8db46
/usr/bin/cmake -E cmake_link_script CMakeFiles/cmTC_8db46.dir/link.txt --verbose=1
/usr/bin/cc   -DCHECK_FUNCTION_EXISTS=pthread_create    CMakeFiles/cmTC_8db46.dir/CheckFunctionExists.c.o  -o cmTC_8db46 -rdynamic -lpthreads 
/usr/bin/ld: cannot find -lpthreads
collect2: error: ld returned 1 exit status
CMakeFiles/cmTC_8db46.dir/build.make:97: recipe for target 'cmTC_8db46' failed
make[1]: *** [cmTC_8db46] Error 1
make[1]: Leaving directory '/home/shubham/ASE389_proj/ASE389_proj/catkin_ws/build_isolated/xpp_examples/CMakeFiles/CMakeTmp'
Makefile:126: recipe for target 'cmTC_8db46/fast' failed
make: *** [cmTC_8db46/fast] Error 2


